<?xml version="1.0" encoding="UTF-8"?>
<!-- Generated by org.testng.reporters.JUnitXMLReporter -->
<testsuite hostname="JJPL248-PC" name="Mobile_Chrome_test" tests="4" failures="0" timestamp="8 Jan 2019 14:57:26 GMT" time="45.069" errors="0">
  <testcase name="ExecuteTest" time="39.907" classname="com.testcases.driverscripts.Execute_MainScript"/>
  <testcase name="ExecuteTest" time="0.025" classname="com.testcases.driverscripts.Execute_MainScript">
    <skipped/>
  </testcase> <!-- ExecuteTest -->
  <testcase name="ExecuteTest" time="0.007" classname="com.testcases.driverscripts.Execute_MainScript">
    <skipped/>
  </testcase> <!-- ExecuteTest -->
  <testcase name="ExecuteTest" time="0.016" classname="com.testcases.driverscripts.Execute_MainScript">
    <skipped/>
  </testcase> <!-- ExecuteTest -->
</testsuite> <!-- Mobile_Chrome_test -->
