<?xml version="1.0" encoding="UTF-8"?>
<!-- Generated by org.testng.reporters.JUnitXMLReporter -->
<testsuite hostname="JJPL248-PC" name="Chrome_test" tests="4" failures="0" timestamp="7 Jan 2019 14:45:37 GMT" time="44.493" errors="0">
  <testcase name="ExecuteTest" time="39.506" classname="com.testcases.driverscripts.Execute_MainScript"/>
  <testcase name="ExecuteTest" time="0.044" classname="com.testcases.driverscripts.Execute_MainScript">
    <skipped/>
  </testcase> <!-- ExecuteTest -->
  <testcase name="ExecuteTest" time="0.02" classname="com.testcases.driverscripts.Execute_MainScript">
    <skipped/>
  </testcase> <!-- ExecuteTest -->
  <testcase name="ExecuteTest" time="0.02" classname="com.testcases.driverscripts.Execute_MainScript">
    <skipped/>
  </testcase> <!-- ExecuteTest -->
</testsuite> <!-- Chrome_test -->
