<?xml version="1.0" encoding="UTF-8"?>
<!-- Generated by org.testng.reporters.JUnitXMLReporter -->
<testsuite hostname="JJPL248-PC" name="Mobile_Chrome_iphone_8_plus" tests="4" failures="0" timestamp="8 Jan 2019 16:20:54 GMT" time="40.477" errors="0">
  <testcase name="ExecuteTest" time="36.826" classname="com.testcases.driverscripts.Execute_MainScript"/>
  <testcase name="ExecuteTest" time="0.016" classname="com.testcases.driverscripts.Execute_MainScript">
    <skipped/>
  </testcase> <!-- ExecuteTest -->
  <testcase name="ExecuteTest" time="0.015" classname="com.testcases.driverscripts.Execute_MainScript">
    <skipped/>
  </testcase> <!-- ExecuteTest -->
  <testcase name="ExecuteTest" time="0.016" classname="com.testcases.driverscripts.Execute_MainScript">
    <skipped/>
  </testcase> <!-- ExecuteTest -->
</testsuite> <!-- Mobile_Chrome_iphone_8_plus -->
