<?xml version="1.0" encoding="UTF-8"?>
<testng-results skipped="3" failed="0" total="4" passed="1">
  <reporter-output>
  </reporter-output>
  <suite name="Suite" duration-ms="44493" started-at="2019-01-07T14:44:52Z" finished-at="2019-01-07T14:45:37Z">
    <groups>
    </groups>
    <test name="Chrome_test" duration-ms="44493" started-at="2019-01-07T14:44:52Z" finished-at="2019-01-07T14:45:37Z">
      <class name="com.testcases.driverscripts.Execute_MainScript">
        <test-method status="PASS" signature="Pre_requisite()[pri:0, instance:com.testcases.driverscripts.Execute_MainScript@327471b5]" name="Pre_requisite" is-config="true" duration-ms="203" started-at="2019-01-07T20:14:52Z" finished-at="2019-01-07T20:14:52Z">
          <reporter-output>
          </reporter-output>
        </test-method> <!-- Pre_requisite -->
        <test-method status="PASS" signature="beforeTest(java.lang.String)[pri:0, instance:com.testcases.driverscripts.Execute_MainScript@327471b5]" name="beforeTest" is-config="true" duration-ms="4203" started-at="2019-01-07T20:14:52Z" finished-at="2019-01-07T20:14:56Z">
          <params>
            <param index="0">
              <value>
                <![CDATA[chrome]]>
              </value>
            </param>
          </params>
          <reporter-output>
          </reporter-output>
        </test-method> <!-- beforeTest -->
        <test-method status="PASS" signature="ExecuteTest(java.lang.String, java.lang.String, java.lang.String, java.lang.String, java.lang.String, java.lang.String)[pri:1, instance:com.testcases.driverscripts.Execute_MainScript@327471b5]" name="ExecuteTest" duration-ms="39506" started-at="2019-01-07T20:14:57Z" data-provider="Fetch_Master_data" finished-at="2019-01-07T20:15:36Z">
          <params>
            <param index="0">
              <value>
                <![CDATA[ALL_PAGES]]>
              </value>
            </param>
            <param index="1">
              <value>
                <![CDATA[END_TO_END]]>
              </value>
            </param>
            <param index="2">
              <value>
                <![CDATA[TC01_End_To_End]]>
              </value>
            </param>
            <param index="3">
              <value>
                <![CDATA[Validate end to end functional flow - Validataion testcase]]>
              </value>
            </param>
            <param index="4">
              <value>
                <![CDATA[Yes]]>
              </value>
            </param>
            <param index="5">
              <value>
                <![CDATA[High]]>
              </value>
            </param>
          </params>
          <reporter-output>
          </reporter-output>
        </test-method> <!-- ExecuteTest -->
        <test-method status="PASS" signature="TestResults(org.testng.ITestResult)[pri:0, instance:com.testcases.driverscripts.Execute_MainScript@327471b5]" name="TestResults" is-config="true" duration-ms="12" started-at="2019-01-07T20:15:36Z" finished-at="2019-01-07T20:15:36Z">
          <params>
            <param index="0">
              <value>
                <![CDATA[[TestResult name=ExecuteTest status=SUCCESS method=Execute_MainScript.ExecuteTest(java.lang.String, java.lang.String, java.lang.String, java.lang.String, java.lang.String, java.lang.String)[pri:1, instance:com.testcases.driverscripts.Execute_MainScript@327471b5] output={null}]]]>
              </value>
            </param>
          </params>
          <reporter-output>
          </reporter-output>
        </test-method> <!-- TestResults -->
        <test-method status="SKIP" signature="ExecuteTest(java.lang.String, java.lang.String, java.lang.String, java.lang.String, java.lang.String, java.lang.String)[pri:1, instance:com.testcases.driverscripts.Execute_MainScript@327471b5]" name="ExecuteTest" duration-ms="44" started-at="2019-01-07T20:15:36Z" data-provider="Fetch_Master_data" finished-at="2019-01-07T20:15:36Z">
          <params>
            <param index="0">
              <value>
                <![CDATA[ALL_PAGES]]>
              </value>
            </param>
            <param index="1">
              <value>
                <![CDATA[END_TO_END]]>
              </value>
            </param>
            <param index="2">
              <value>
                <![CDATA[TC02_Verify_PDP_Page]]>
              </value>
            </param>
            <param index="3">
              <value>
                <![CDATA[Verify all section under PDP page - Verification testcase]]>
              </value>
            </param>
            <param index="4">
              <value>
                <![CDATA[No]]>
              </value>
            </param>
            <param index="5">
              <value>
                <![CDATA[High]]>
              </value>
            </param>
          </params>
          <exception class="org.testng.SkipException">
            <message>
              <![CDATA[TC02_Verify_PDP_Page has been skipped..]]>
            </message>
            <full-stacktrace>
              <![CDATA[org.testng.SkipException: TC02_Verify_PDP_Page has been skipped..
	at com.testcases.driverscripts.Execute_MainScript.ExecuteTest(Execute_MainScript.java:197)
	at sun.reflect.NativeMethodAccessorImpl.invoke0(Native Method)
	at sun.reflect.NativeMethodAccessorImpl.invoke(NativeMethodAccessorImpl.java:62)
	at sun.reflect.DelegatingMethodAccessorImpl.invoke(DelegatingMethodAccessorImpl.java:43)
	at java.lang.reflect.Method.invoke(Method.java:498)
	at org.testng.internal.MethodInvocationHelper.invokeMethod(MethodInvocationHelper.java:85)
	at org.testng.internal.Invoker.invokeMethod(Invoker.java:639)
	at org.testng.internal.Invoker.invokeTestMethod(Invoker.java:816)
	at org.testng.internal.Invoker.invokeTestMethods(Invoker.java:1124)
	at org.testng.internal.TestMethodWorker.invokeTestMethods(TestMethodWorker.java:125)
	at org.testng.internal.TestMethodWorker.run(TestMethodWorker.java:108)
	at org.testng.TestRunner.privateRun(TestRunner.java:774)
	at org.testng.TestRunner.run(TestRunner.java:624)
	at org.testng.SuiteRunner.runTest(SuiteRunner.java:359)
	at org.testng.SuiteRunner.access$000(SuiteRunner.java:39)
	at org.testng.SuiteRunner$SuiteWorker.run(SuiteRunner.java:393)
	at org.testng.internal.thread.ThreadUtil$2.call(ThreadUtil.java:64)
	at java.util.concurrent.FutureTask.run(FutureTask.java:266)
	at java.util.concurrent.ThreadPoolExecutor.runWorker(ThreadPoolExecutor.java:1149)
	at java.util.concurrent.ThreadPoolExecutor$Worker.run(ThreadPoolExecutor.java:624)
	at java.lang.Thread.run(Thread.java:748)
]]>
            </full-stacktrace>
          </exception> <!-- org.testng.SkipException -->
          <reporter-output>
          </reporter-output>
        </test-method> <!-- ExecuteTest -->
        <test-method status="PASS" signature="TestResults(org.testng.ITestResult)[pri:0, instance:com.testcases.driverscripts.Execute_MainScript@327471b5]" name="TestResults" is-config="true" duration-ms="0" started-at="2019-01-07T20:15:36Z" finished-at="2019-01-07T20:15:36Z">
          <params>
            <param index="0">
              <value>
                <![CDATA[[TestResult name=ExecuteTest status=SKIP method=Execute_MainScript.ExecuteTest(java.lang.String, java.lang.String, java.lang.String, java.lang.String, java.lang.String, java.lang.String)[pri:1, instance:com.testcases.driverscripts.Execute_MainScript@327471b5] output={null}]]]>
              </value>
            </param>
          </params>
          <reporter-output>
          </reporter-output>
        </test-method> <!-- TestResults -->
        <test-method status="SKIP" signature="ExecuteTest(java.lang.String, java.lang.String, java.lang.String, java.lang.String, java.lang.String, java.lang.String)[pri:1, instance:com.testcases.driverscripts.Execute_MainScript@327471b5]" name="ExecuteTest" duration-ms="20" started-at="2019-01-07T20:15:36Z" data-provider="Fetch_Master_data" finished-at="2019-01-07T20:15:36Z">
          <params>
            <param index="0">
              <value>
                <![CDATA[ALL_PAGES]]>
              </value>
            </param>
            <param index="1">
              <value>
                <![CDATA[END_TO_END]]>
              </value>
            </param>
            <param index="2">
              <value>
                <![CDATA[TC03_Verify_broken_image]]>
              </value>
            </param>
            <param index="3">
              <value>
                <![CDATA[Verify_broken_image]]>
              </value>
            </param>
            <param index="4">
              <value>
                <![CDATA[No]]>
              </value>
            </param>
            <param index="5">
              <value>
                <![CDATA[High]]>
              </value>
            </param>
          </params>
          <exception class="org.testng.SkipException">
            <message>
              <![CDATA[TC03_Verify_broken_image has been skipped..]]>
            </message>
            <full-stacktrace>
              <![CDATA[org.testng.SkipException: TC03_Verify_broken_image has been skipped..
	at com.testcases.driverscripts.Execute_MainScript.ExecuteTest(Execute_MainScript.java:197)
	at sun.reflect.NativeMethodAccessorImpl.invoke0(Native Method)
	at sun.reflect.NativeMethodAccessorImpl.invoke(NativeMethodAccessorImpl.java:62)
	at sun.reflect.DelegatingMethodAccessorImpl.invoke(DelegatingMethodAccessorImpl.java:43)
	at java.lang.reflect.Method.invoke(Method.java:498)
	at org.testng.internal.MethodInvocationHelper.invokeMethod(MethodInvocationHelper.java:85)
	at org.testng.internal.Invoker.invokeMethod(Invoker.java:639)
	at org.testng.internal.Invoker.invokeTestMethod(Invoker.java:816)
	at org.testng.internal.Invoker.invokeTestMethods(Invoker.java:1124)
	at org.testng.internal.TestMethodWorker.invokeTestMethods(TestMethodWorker.java:125)
	at org.testng.internal.TestMethodWorker.run(TestMethodWorker.java:108)
	at org.testng.TestRunner.privateRun(TestRunner.java:774)
	at org.testng.TestRunner.run(TestRunner.java:624)
	at org.testng.SuiteRunner.runTest(SuiteRunner.java:359)
	at org.testng.SuiteRunner.access$000(SuiteRunner.java:39)
	at org.testng.SuiteRunner$SuiteWorker.run(SuiteRunner.java:393)
	at org.testng.internal.thread.ThreadUtil$2.call(ThreadUtil.java:64)
	at java.util.concurrent.FutureTask.run(FutureTask.java:266)
	at java.util.concurrent.ThreadPoolExecutor.runWorker(ThreadPoolExecutor.java:1149)
	at java.util.concurrent.ThreadPoolExecutor$Worker.run(ThreadPoolExecutor.java:624)
	at java.lang.Thread.run(Thread.java:748)
]]>
            </full-stacktrace>
          </exception> <!-- org.testng.SkipException -->
          <reporter-output>
          </reporter-output>
        </test-method> <!-- ExecuteTest -->
        <test-method status="SKIP" signature="ExecuteTest(java.lang.String, java.lang.String, java.lang.String, java.lang.String, java.lang.String, java.lang.String)[pri:1, instance:com.testcases.driverscripts.Execute_MainScript@327471b5]" name="ExecuteTest" duration-ms="20" started-at="2019-01-07T20:15:36Z" data-provider="Fetch_Master_data" finished-at="2019-01-07T20:15:37Z">
          <params>
            <param index="0">
              <value>
                <![CDATA[ALL_PAGES]]>
              </value>
            </param>
            <param index="1">
              <value>
                <![CDATA[END_TO_END]]>
              </value>
            </param>
            <param index="2">
              <value>
                <![CDATA[TC04_Verify_broken_URLs]]>
              </value>
            </param>
            <param index="3">
              <value>
                <![CDATA[Verify_broken_URLs]]>
              </value>
            </param>
            <param index="4">
              <value>
                <![CDATA[No]]>
              </value>
            </param>
            <param index="5">
              <value>
                <![CDATA[High]]>
              </value>
            </param>
          </params>
          <exception class="org.testng.SkipException">
            <message>
              <![CDATA[TC04_Verify_broken_URLs has been skipped..]]>
            </message>
            <full-stacktrace>
              <![CDATA[org.testng.SkipException: TC04_Verify_broken_URLs has been skipped..
	at com.testcases.driverscripts.Execute_MainScript.ExecuteTest(Execute_MainScript.java:197)
	at sun.reflect.NativeMethodAccessorImpl.invoke0(Native Method)
	at sun.reflect.NativeMethodAccessorImpl.invoke(NativeMethodAccessorImpl.java:62)
	at sun.reflect.DelegatingMethodAccessorImpl.invoke(DelegatingMethodAccessorImpl.java:43)
	at java.lang.reflect.Method.invoke(Method.java:498)
	at org.testng.internal.MethodInvocationHelper.invokeMethod(MethodInvocationHelper.java:85)
	at org.testng.internal.Invoker.invokeMethod(Invoker.java:639)
	at org.testng.internal.Invoker.invokeTestMethod(Invoker.java:816)
	at org.testng.internal.Invoker.invokeTestMethods(Invoker.java:1124)
	at org.testng.internal.TestMethodWorker.invokeTestMethods(TestMethodWorker.java:125)
	at org.testng.internal.TestMethodWorker.run(TestMethodWorker.java:108)
	at org.testng.TestRunner.privateRun(TestRunner.java:774)
	at org.testng.TestRunner.run(TestRunner.java:624)
	at org.testng.SuiteRunner.runTest(SuiteRunner.java:359)
	at org.testng.SuiteRunner.access$000(SuiteRunner.java:39)
	at org.testng.SuiteRunner$SuiteWorker.run(SuiteRunner.java:393)
	at org.testng.internal.thread.ThreadUtil$2.call(ThreadUtil.java:64)
	at java.util.concurrent.FutureTask.run(FutureTask.java:266)
	at java.util.concurrent.ThreadPoolExecutor.runWorker(ThreadPoolExecutor.java:1149)
	at java.util.concurrent.ThreadPoolExecutor$Worker.run(ThreadPoolExecutor.java:624)
	at java.lang.Thread.run(Thread.java:748)
]]>
            </full-stacktrace>
          </exception> <!-- org.testng.SkipException -->
          <reporter-output>
          </reporter-output>
        </test-method> <!-- ExecuteTest -->
        <test-method status="PASS" signature="TestResults(org.testng.ITestResult)[pri:0, instance:com.testcases.driverscripts.Execute_MainScript@327471b5]" name="TestResults" is-config="true" duration-ms="0" started-at="2019-01-07T20:15:36Z" finished-at="2019-01-07T20:15:36Z">
          <params>
            <param index="0">
              <value>
                <![CDATA[[TestResult name=ExecuteTest status=SKIP method=Execute_MainScript.ExecuteTest(java.lang.String, java.lang.String, java.lang.String, java.lang.String, java.lang.String, java.lang.String)[pri:1, instance:com.testcases.driverscripts.Execute_MainScript@327471b5] output={null}]]]>
              </value>
            </param>
          </params>
          <reporter-output>
          </reporter-output>
        </test-method> <!-- TestResults -->
        <test-method status="PASS" signature="TestResults(org.testng.ITestResult)[pri:0, instance:com.testcases.driverscripts.Execute_MainScript@327471b5]" name="TestResults" is-config="true" duration-ms="8" started-at="2019-01-07T20:15:37Z" finished-at="2019-01-07T20:15:37Z">
          <params>
            <param index="0">
              <value>
                <![CDATA[[TestResult name=ExecuteTest status=SKIP method=Execute_MainScript.ExecuteTest(java.lang.String, java.lang.String, java.lang.String, java.lang.String, java.lang.String, java.lang.String)[pri:1, instance:com.testcases.driverscripts.Execute_MainScript@327471b5] output={null}]]]>
              </value>
            </param>
          </params>
          <reporter-output>
          </reporter-output>
        </test-method> <!-- TestResults -->
        <test-method status="PASS" signature="close()[pri:0, instance:com.testcases.driverscripts.Execute_MainScript@327471b5]" name="close" is-config="true" duration-ms="280" started-at="2019-01-07T20:15:37Z" finished-at="2019-01-07T20:15:37Z">
          <reporter-output>
          </reporter-output>
        </test-method> <!-- close -->
        <test-method status="PASS" signature="closebrowser(java.lang.String)[pri:0, instance:com.testcases.driverscripts.Execute_MainScript@327471b5]" name="closebrowser" is-config="true" duration-ms="134" started-at="2019-01-07T20:15:37Z" finished-at="2019-01-07T20:15:37Z">
          <params>
            <param index="0">
              <value>
                <![CDATA[chrome]]>
              </value>
            </param>
          </params>
          <reporter-output>
          </reporter-output>
        </test-method> <!-- closebrowser -->
      </class> <!-- com.testcases.driverscripts.Execute_MainScript -->
    </test> <!-- Chrome_test -->
  </suite> <!-- Suite -->
</testng-results>
