<?xml version="1.0" encoding="UTF-8"?>
<testng-results skipped="3" failed="0" total="4" passed="1">
  <reporter-output>
  </reporter-output>
  <suite name="Suite" duration-ms="61428" started-at="2019-01-07T13:44:15Z" finished-at="2019-01-07T13:45:16Z">
    <groups>
    </groups>
    <test name="Chrome_test" duration-ms="61428" started-at="2019-01-07T13:44:15Z" finished-at="2019-01-07T13:45:16Z">
      <class name="com.testcases.driverscripts.Execute_MainScript">
        <test-method status="PASS" signature="Pre_requisite()[pri:0, instance:com.testcases.driverscripts.Execute_MainScript@6e6c3152]" name="Pre_requisite" is-config="true" duration-ms="212" started-at="2019-01-07T19:14:15Z" finished-at="2019-01-07T19:14:15Z">
          <reporter-output>
          </reporter-output>
        </test-method> <!-- Pre_requisite -->
        <test-method status="PASS" signature="beforeTest(java.lang.String)[pri:0, instance:com.testcases.driverscripts.Execute_MainScript@6e6c3152]" name="beforeTest" is-config="true" duration-ms="4251" started-at="2019-01-07T19:14:15Z" finished-at="2019-01-07T19:14:19Z">
          <params>
            <param index="0">
              <value>
                <![CDATA[chrome]]>
              </value>
            </param>
          </params>
          <reporter-output>
          </reporter-output>
        </test-method> <!-- beforeTest -->
        <test-method status="PASS" signature="ExecuteTest(java.lang.String, java.lang.String, java.lang.String, java.lang.String, java.lang.String, java.lang.String)[pri:1, instance:com.testcases.driverscripts.Execute_MainScript@6e6c3152]" name="ExecuteTest" duration-ms="56159" started-at="2019-01-07T19:14:20Z" data-provider="Fetch_Master_data" finished-at="2019-01-07T19:15:16Z">
          <params>
            <param index="0">
              <value>
                <![CDATA[ALL_PAGES]]>
              </value>
            </param>
            <param index="1">
              <value>
                <![CDATA[END_TO_END]]>
              </value>
            </param>
            <param index="2">
              <value>
                <![CDATA[TC01_End_To_End]]>
              </value>
            </param>
            <param index="3">
              <value>
                <![CDATA[Validate end to end functional flow - Validataion testcase]]>
              </value>
            </param>
            <param index="4">
              <value>
                <![CDATA[Yes]]>
              </value>
            </param>
            <param index="5">
              <value>
                <![CDATA[High]]>
              </value>
            </param>
          </params>
          <reporter-output>
          </reporter-output>
        </test-method> <!-- ExecuteTest -->
        <test-method status="PASS" signature="TestResults(org.testng.ITestResult)[pri:0, instance:com.testcases.driverscripts.Execute_MainScript@6e6c3152]" name="TestResults" is-config="true" duration-ms="12" started-at="2019-01-07T19:15:16Z" finished-at="2019-01-07T19:15:16Z">
          <params>
            <param index="0">
              <value>
                <![CDATA[[TestResult name=ExecuteTest status=SUCCESS method=Execute_MainScript.ExecuteTest(java.lang.String, java.lang.String, java.lang.String, java.lang.String, java.lang.String, java.lang.String)[pri:1, instance:com.testcases.driverscripts.Execute_MainScript@6e6c3152] output={null}]]]>
              </value>
            </param>
          </params>
          <reporter-output>
          </reporter-output>
        </test-method> <!-- TestResults -->
        <test-method status="SKIP" signature="ExecuteTest(java.lang.String, java.lang.String, java.lang.String, java.lang.String, java.lang.String, java.lang.String)[pri:1, instance:com.testcases.driverscripts.Execute_MainScript@6e6c3152]" name="ExecuteTest" duration-ms="24" started-at="2019-01-07T19:15:16Z" data-provider="Fetch_Master_data" finished-at="2019-01-07T19:15:16Z">
          <params>
            <param index="0">
              <value>
                <![CDATA[ALL_PAGES]]>
              </value>
            </param>
            <param index="1">
              <value>
                <![CDATA[END_TO_END]]>
              </value>
            </param>
            <param index="2">
              <value>
                <![CDATA[TC02_Verify_PDP_Page]]>
              </value>
            </param>
            <param index="3">
              <value>
                <![CDATA[Verify all section under PDP page - Verification testcase]]>
              </value>
            </param>
            <param index="4">
              <value>
                <![CDATA[No]]>
              </value>
            </param>
            <param index="5">
              <value>
                <![CDATA[High]]>
              </value>
            </param>
          </params>
          <exception class="org.testng.SkipException">
            <message>
              <![CDATA[TC02_Verify_PDP_Page has been skipped..]]>
            </message>
            <full-stacktrace>
              <![CDATA[org.testng.SkipException: TC02_Verify_PDP_Page has been skipped..
	at com.testcases.driverscripts.Execute_MainScript.ExecuteTest(Execute_MainScript.java:197)
	at sun.reflect.NativeMethodAccessorImpl.invoke0(Native Method)
	at sun.reflect.NativeMethodAccessorImpl.invoke(Unknown Source)
	at sun.reflect.DelegatingMethodAccessorImpl.invoke(Unknown Source)
	at java.lang.reflect.Method.invoke(Unknown Source)
	at org.testng.internal.MethodInvocationHelper.invokeMethod(MethodInvocationHelper.java:85)
	at org.testng.internal.Invoker.invokeMethod(Invoker.java:639)
	at org.testng.internal.Invoker.invokeTestMethod(Invoker.java:816)
	at org.testng.internal.Invoker.invokeTestMethods(Invoker.java:1124)
	at org.testng.internal.TestMethodWorker.invokeTestMethods(TestMethodWorker.java:125)
	at org.testng.internal.TestMethodWorker.run(TestMethodWorker.java:108)
	at org.testng.TestRunner.privateRun(TestRunner.java:774)
	at org.testng.TestRunner.run(TestRunner.java:624)
	at org.testng.SuiteRunner.runTest(SuiteRunner.java:359)
	at org.testng.SuiteRunner.access$000(SuiteRunner.java:39)
	at org.testng.SuiteRunner$SuiteWorker.run(SuiteRunner.java:393)
	at org.testng.internal.thread.ThreadUtil$2.call(ThreadUtil.java:64)
	at java.util.concurrent.FutureTask.run(Unknown Source)
	at java.util.concurrent.ThreadPoolExecutor.runWorker(Unknown Source)
	at java.util.concurrent.ThreadPoolExecutor$Worker.run(Unknown Source)
	at java.lang.Thread.run(Unknown Source)
]]>
            </full-stacktrace>
          </exception> <!-- org.testng.SkipException -->
          <reporter-output>
          </reporter-output>
        </test-method> <!-- ExecuteTest -->
        <test-method status="PASS" signature="TestResults(org.testng.ITestResult)[pri:0, instance:com.testcases.driverscripts.Execute_MainScript@6e6c3152]" name="TestResults" is-config="true" duration-ms="0" started-at="2019-01-07T19:15:16Z" finished-at="2019-01-07T19:15:16Z">
          <params>
            <param index="0">
              <value>
                <![CDATA[[TestResult name=ExecuteTest status=SKIP method=Execute_MainScript.ExecuteTest(java.lang.String, java.lang.String, java.lang.String, java.lang.String, java.lang.String, java.lang.String)[pri:1, instance:com.testcases.driverscripts.Execute_MainScript@6e6c3152] output={null}]]]>
              </value>
            </param>
          </params>
          <reporter-output>
          </reporter-output>
        </test-method> <!-- TestResults -->
        <test-method status="SKIP" signature="ExecuteTest(java.lang.String, java.lang.String, java.lang.String, java.lang.String, java.lang.String, java.lang.String)[pri:1, instance:com.testcases.driverscripts.Execute_MainScript@6e6c3152]" name="ExecuteTest" duration-ms="20" started-at="2019-01-07T19:15:16Z" data-provider="Fetch_Master_data" finished-at="2019-01-07T19:15:16Z">
          <params>
            <param index="0">
              <value>
                <![CDATA[ALL_PAGES]]>
              </value>
            </param>
            <param index="1">
              <value>
                <![CDATA[END_TO_END]]>
              </value>
            </param>
            <param index="2">
              <value>
                <![CDATA[TC03_Verify_broken_image]]>
              </value>
            </param>
            <param index="3">
              <value>
                <![CDATA[Verify_broken_image]]>
              </value>
            </param>
            <param index="4">
              <value>
                <![CDATA[No]]>
              </value>
            </param>
            <param index="5">
              <value>
                <![CDATA[High]]>
              </value>
            </param>
          </params>
          <exception class="org.testng.SkipException">
            <message>
              <![CDATA[TC03_Verify_broken_image has been skipped..]]>
            </message>
            <full-stacktrace>
              <![CDATA[org.testng.SkipException: TC03_Verify_broken_image has been skipped..
	at com.testcases.driverscripts.Execute_MainScript.ExecuteTest(Execute_MainScript.java:197)
	at sun.reflect.NativeMethodAccessorImpl.invoke0(Native Method)
	at sun.reflect.NativeMethodAccessorImpl.invoke(Unknown Source)
	at sun.reflect.DelegatingMethodAccessorImpl.invoke(Unknown Source)
	at java.lang.reflect.Method.invoke(Unknown Source)
	at org.testng.internal.MethodInvocationHelper.invokeMethod(MethodInvocationHelper.java:85)
	at org.testng.internal.Invoker.invokeMethod(Invoker.java:639)
	at org.testng.internal.Invoker.invokeTestMethod(Invoker.java:816)
	at org.testng.internal.Invoker.invokeTestMethods(Invoker.java:1124)
	at org.testng.internal.TestMethodWorker.invokeTestMethods(TestMethodWorker.java:125)
	at org.testng.internal.TestMethodWorker.run(TestMethodWorker.java:108)
	at org.testng.TestRunner.privateRun(TestRunner.java:774)
	at org.testng.TestRunner.run(TestRunner.java:624)
	at org.testng.SuiteRunner.runTest(SuiteRunner.java:359)
	at org.testng.SuiteRunner.access$000(SuiteRunner.java:39)
	at org.testng.SuiteRunner$SuiteWorker.run(SuiteRunner.java:393)
	at org.testng.internal.thread.ThreadUtil$2.call(ThreadUtil.java:64)
	at java.util.concurrent.FutureTask.run(Unknown Source)
	at java.util.concurrent.ThreadPoolExecutor.runWorker(Unknown Source)
	at java.util.concurrent.ThreadPoolExecutor$Worker.run(Unknown Source)
	at java.lang.Thread.run(Unknown Source)
]]>
            </full-stacktrace>
          </exception> <!-- org.testng.SkipException -->
          <reporter-output>
          </reporter-output>
        </test-method> <!-- ExecuteTest -->
        <test-method status="SKIP" signature="ExecuteTest(java.lang.String, java.lang.String, java.lang.String, java.lang.String, java.lang.String, java.lang.String)[pri:1, instance:com.testcases.driverscripts.Execute_MainScript@6e6c3152]" name="ExecuteTest" duration-ms="20" started-at="2019-01-07T19:15:16Z" data-provider="Fetch_Master_data" finished-at="2019-01-07T19:15:16Z">
          <params>
            <param index="0">
              <value>
                <![CDATA[ALL_PAGES]]>
              </value>
            </param>
            <param index="1">
              <value>
                <![CDATA[END_TO_END]]>
              </value>
            </param>
            <param index="2">
              <value>
                <![CDATA[TC04_Verify_broken_URLs]]>
              </value>
            </param>
            <param index="3">
              <value>
                <![CDATA[Verify_broken_URLs]]>
              </value>
            </param>
            <param index="4">
              <value>
                <![CDATA[No]]>
              </value>
            </param>
            <param index="5">
              <value>
                <![CDATA[High]]>
              </value>
            </param>
          </params>
          <exception class="org.testng.SkipException">
            <message>
              <![CDATA[TC04_Verify_broken_URLs has been skipped..]]>
            </message>
            <full-stacktrace>
              <![CDATA[org.testng.SkipException: TC04_Verify_broken_URLs has been skipped..
	at com.testcases.driverscripts.Execute_MainScript.ExecuteTest(Execute_MainScript.java:197)
	at sun.reflect.NativeMethodAccessorImpl.invoke0(Native Method)
	at sun.reflect.NativeMethodAccessorImpl.invoke(Unknown Source)
	at sun.reflect.DelegatingMethodAccessorImpl.invoke(Unknown Source)
	at java.lang.reflect.Method.invoke(Unknown Source)
	at org.testng.internal.MethodInvocationHelper.invokeMethod(MethodInvocationHelper.java:85)
	at org.testng.internal.Invoker.invokeMethod(Invoker.java:639)
	at org.testng.internal.Invoker.invokeTestMethod(Invoker.java:816)
	at org.testng.internal.Invoker.invokeTestMethods(Invoker.java:1124)
	at org.testng.internal.TestMethodWorker.invokeTestMethods(TestMethodWorker.java:125)
	at org.testng.internal.TestMethodWorker.run(TestMethodWorker.java:108)
	at org.testng.TestRunner.privateRun(TestRunner.java:774)
	at org.testng.TestRunner.run(TestRunner.java:624)
	at org.testng.SuiteRunner.runTest(SuiteRunner.java:359)
	at org.testng.SuiteRunner.access$000(SuiteRunner.java:39)
	at org.testng.SuiteRunner$SuiteWorker.run(SuiteRunner.java:393)
	at org.testng.internal.thread.ThreadUtil$2.call(ThreadUtil.java:64)
	at java.util.concurrent.FutureTask.run(Unknown Source)
	at java.util.concurrent.ThreadPoolExecutor.runWorker(Unknown Source)
	at java.util.concurrent.ThreadPoolExecutor$Worker.run(Unknown Source)
	at java.lang.Thread.run(Unknown Source)
]]>
            </full-stacktrace>
          </exception> <!-- org.testng.SkipException -->
          <reporter-output>
          </reporter-output>
        </test-method> <!-- ExecuteTest -->
        <test-method status="PASS" signature="TestResults(org.testng.ITestResult)[pri:0, instance:com.testcases.driverscripts.Execute_MainScript@6e6c3152]" name="TestResults" is-config="true" duration-ms="0" started-at="2019-01-07T19:15:16Z" finished-at="2019-01-07T19:15:16Z">
          <params>
            <param index="0">
              <value>
                <![CDATA[[TestResult name=ExecuteTest status=SKIP method=Execute_MainScript.ExecuteTest(java.lang.String, java.lang.String, java.lang.String, java.lang.String, java.lang.String, java.lang.String)[pri:1, instance:com.testcases.driverscripts.Execute_MainScript@6e6c3152] output={null}]]]>
              </value>
            </param>
          </params>
          <reporter-output>
          </reporter-output>
        </test-method> <!-- TestResults -->
        <test-method status="PASS" signature="TestResults(org.testng.ITestResult)[pri:0, instance:com.testcases.driverscripts.Execute_MainScript@6e6c3152]" name="TestResults" is-config="true" duration-ms="0" started-at="2019-01-07T19:15:16Z" finished-at="2019-01-07T19:15:16Z">
          <params>
            <param index="0">
              <value>
                <![CDATA[[TestResult name=ExecuteTest status=SKIP method=Execute_MainScript.ExecuteTest(java.lang.String, java.lang.String, java.lang.String, java.lang.String, java.lang.String, java.lang.String)[pri:1, instance:com.testcases.driverscripts.Execute_MainScript@6e6c3152] output={null}]]]>
              </value>
            </param>
          </params>
          <reporter-output>
          </reporter-output>
        </test-method> <!-- TestResults -->
        <test-method status="PASS" signature="close()[pri:0, instance:com.testcases.driverscripts.Execute_MainScript@6e6c3152]" name="close" is-config="true" duration-ms="264" started-at="2019-01-07T19:15:16Z" finished-at="2019-01-07T19:15:16Z">
          <reporter-output>
          </reporter-output>
        </test-method> <!-- close -->
        <test-method status="PASS" signature="closebrowser(java.lang.String)[pri:0, instance:com.testcases.driverscripts.Execute_MainScript@6e6c3152]" name="closebrowser" is-config="true" duration-ms="139" started-at="2019-01-07T19:15:16Z" finished-at="2019-01-07T19:15:16Z">
          <params>
            <param index="0">
              <value>
                <![CDATA[chrome]]>
              </value>
            </param>
          </params>
          <reporter-output>
          </reporter-output>
        </test-method> <!-- closebrowser -->
      </class> <!-- com.testcases.driverscripts.Execute_MainScript -->
    </test> <!-- Chrome_test -->
  </suite> <!-- Suite -->
</testng-results>
